c:\users\sukakiyo\source\repos\caveaction3\caveaction3\x64\debug\vc143.pdb
c:\users\sukakiyo\source\repos\caveaction3\caveaction3\x64\debug\vc143.idb
c:\users\sukakiyo\source\repos\caveaction3\caveaction3\x64\debug\image_root.obj
c:\users\sukakiyo\source\repos\caveaction3\caveaction3\x64\debug\player_controller.obj
c:\users\sukakiyo\source\repos\caveaction3\caveaction3\x64\debug\nav_mesh_system2d.obj
c:\users\sukakiyo\source\repos\caveaction3\caveaction3\x64\debug\nav_mesh_agent2d.obj
c:\users\sukakiyo\source\repos\caveaction3\caveaction3\x64\debug\navmeshentity.obj
c:\users\sukakiyo\source\repos\caveaction3\caveaction3\x64\debug\main.obj
c:\users\sukakiyo\source\repos\caveaction3\caveaction3\x64\debug\image_storage.obj
c:\users\sukakiyo\source\repos\caveaction3\caveaction3\x64\debug\image_projecter.obj
c:\users\sukakiyo\source\repos\caveaction3\caveaction3\x64\debug\image.obj
c:\users\sukakiyo\source\repos\caveaction3\caveaction3\x64\debug\gameobject.obj
c:\users\sukakiyo\source\repos\caveaction3\caveaction3\x64\debug\debug_log.obj
c:\users\sukakiyo\source\repos\caveaction3\caveaction3\x64\debug\csv_loader.obj
c:\users\sukakiyo\source\repos\caveaction3\caveaction3\x64\debug\component.obj
c:\users\sukakiyo\source\repos\caveaction3\caveaction3\x64\debug\collider_manager.obj
c:\users\sukakiyo\source\repos\caveaction3\caveaction3\x64\debug\collider2d.obj
c:\users\sukakiyo\source\repos\caveaction3\caveaction3\x64\debug\character_controller.obj
c:\users\sukakiyo\source\repos\caveaction3\caveaction3\x64\debug\boxcollider2d.obj
c:\users\sukakiyo\source\repos\caveaction3\caveaction3\x64\debug\animator2d.obj
c:\users\sukakiyo\source\repos\caveaction3\caveaction3\x64\debug\animation_root.obj
c:\users\sukakiyo\source\repos\caveaction3\caveaction3\x64\debug\animation_image.obj
c:\users\sukakiyo\source\repos\caveaction3\caveaction3\x64\debug\xml_loader.obj
c:\users\sukakiyo\source\repos\caveaction3\caveaction3\x64\debug\virtual_controller.obj
c:\users\sukakiyo\source\repos\caveaction3\caveaction3\x64\debug\view_camera.obj
c:\users\sukakiyo\source\repos\caveaction3\caveaction3\x64\debug\transform.obj
c:\users\sukakiyo\source\repos\caveaction3\caveaction3\x64\debug\tilemap.obj
c:\users\sukakiyo\source\repos\caveaction3\caveaction3\x64\debug\tilecollider2d.obj
c:\users\sukakiyo\source\repos\caveaction3\caveaction3\x64\debug\slime_controller.obj
c:\users\sukakiyo\source\repos\caveaction3\caveaction3\x64\debug\sdl_engine.obj
c:\users\sukakiyo\source\repos\caveaction3\caveaction3\x64\debug\rigidbody.obj
c:\users\sukakiyo\source\repos\caveaction3\x64\debug\caveaction3.pdb
c:\users\sukakiyo\source\repos\caveaction3\caveaction3\x64\debug\caveaction3.tlog\cl.command.1.tlog
c:\users\sukakiyo\source\repos\caveaction3\caveaction3\x64\debug\caveaction3.tlog\cl.read.1.tlog
c:\users\sukakiyo\source\repos\caveaction3\caveaction3\x64\debug\caveaction3.tlog\cl.write.1.tlog
c:\users\sukakiyo\source\repos\caveaction3\caveaction3\x64\debug\caveaction3.tlog\link-cvtres.read.1.tlog
c:\users\sukakiyo\source\repos\caveaction3\caveaction3\x64\debug\caveaction3.tlog\link-cvtres.write.1.tlog
c:\users\sukakiyo\source\repos\caveaction3\caveaction3\x64\debug\caveaction3.tlog\link-rc.read.1.tlog
c:\users\sukakiyo\source\repos\caveaction3\caveaction3\x64\debug\caveaction3.tlog\link-rc.write.1.tlog
c:\users\sukakiyo\source\repos\caveaction3\caveaction3\x64\debug\caveaction3.tlog\link.command.1.tlog
c:\users\sukakiyo\source\repos\caveaction3\caveaction3\x64\debug\caveaction3.tlog\link.read.1.tlog
c:\users\sukakiyo\source\repos\caveaction3\caveaction3\x64\debug\caveaction3.tlog\link.read.2.tlog
c:\users\sukakiyo\source\repos\caveaction3\caveaction3\x64\debug\caveaction3.tlog\link.write.1.tlog
